

times in msec
 clock   self+sourced   self:  sourced script
 clock   elapsed:              other lines

000.013  000.013: --- NVIM STARTING ---
000.348  000.335: locale set
000.788  000.440: inits 1
000.808  000.020: window checked
000.812  000.004: parsing arguments
000.909  000.097: expanding arguments
000.973  000.064: inits 2
001.367  000.394: init highlight
001.368  000.001: waiting for UI
004.076  002.707: done waiting for UI
004.126  000.051: initialized screen early for UI
005.074  000.373  000.373: sourcing /squashfs-root/usr/share/nvim/runtime/autoload/provider/clipboard.vim
005.584  001.056  000.683: sourcing /root/.config/nvim/config/settings.vim
005.780  000.131  000.131: sourcing /root/.config/nvim/config/keys.vim
006.384  000.345  000.345: sourcing /squashfs-root/usr/share/nvim/runtime/syntax/syncolor.vim
006.773  000.788  000.443: sourcing /squashfs-root/usr/share/nvim/runtime/syntax/synload.vim
013.872  007.040  007.040: sourcing /squashfs-root/usr/share/nvim/runtime/filetype.vim
014.995  000.706  000.706: sourcing /squashfs-root/usr/share/nvim/runtime/scripts.vim
015.210  009.291  000.757: sourcing /squashfs-root/usr/share/nvim/runtime/syntax/syntax.vim
015.807  000.159  000.159: sourcing /squashfs-root/usr/share/nvim/runtime/syntax/syncolor.vim
016.376  000.132  000.132: sourcing /squashfs-root/usr/share/nvim/runtime/syntax/syncolor.vim
016.812  000.083  000.083: sourcing /root/.config/nvim/pack/plugins/start/onedark.vim/autoload/onedark.vim
038.949  023.643  023.270: sourcing /root/.config/nvim/pack/plugins/start/onedark.vim/colors/onedark.vim
039.290  033.474  000.541: sourcing /root/.config/nvim/config/themes.vim
039.401  000.042  000.042: sourcing /root/.config/nvim/config/nerdtree.vim
039.561  000.129  000.129: sourcing /root/.config/nvim/config/edit.vim
039.580  035.189  000.356: sourcing /root/.config/nvim/config/main.vim
039.591  035.249  000.060: sourcing /root/.config/nvim/init.vim
039.599  000.223: sourcing vimrc file(s)
039.703  000.052  000.052: sourcing /squashfs-root/usr/share/nvim/runtime/ftplugin.vim
039.947  000.038  000.038: sourcing /squashfs-root/usr/share/nvim/runtime/indent.vim
040.595  000.023  000.023: sourcing /squashfs-root/usr/share/nvim/runtime/plugin/gzip.vim
040.637  000.018  000.018: sourcing /squashfs-root/usr/share/nvim/runtime/plugin/health.vim
040.917  000.258  000.258: sourcing /squashfs-root/usr/share/nvim/runtime/plugin/man.vim
040.957  000.017  000.017: sourcing /squashfs-root/usr/share/nvim/runtime/plugin/matchit.vim
040.995  000.016  000.016: sourcing /squashfs-root/usr/share/nvim/runtime/plugin/matchparen.vim
041.046  000.029  000.029: sourcing /squashfs-root/usr/share/nvim/runtime/plugin/netrwPlugin.vim
041.227  000.160  000.160: sourcing /squashfs-root/usr/share/nvim/runtime/plugin/rplugin.vim
041.462  000.209  000.209: sourcing /squashfs-root/usr/share/nvim/runtime/plugin/shada.vim
041.531  000.034  000.034: sourcing /squashfs-root/usr/share/nvim/runtime/plugin/spellfile.vim
041.583  000.022  000.022: sourcing /squashfs-root/usr/share/nvim/runtime/plugin/tarPlugin.vim
041.625  000.016  000.016: sourcing /squashfs-root/usr/share/nvim/runtime/plugin/tohtml.vim
041.672  000.022  000.022: sourcing /squashfs-root/usr/share/nvim/runtime/plugin/tutor.vim
041.716  000.021  000.021: sourcing /squashfs-root/usr/share/nvim/runtime/plugin/zipPlugin.vim
041.907  001.374: loading plugins
042.141  000.142  000.142: sourcing /root/.config/nvim/pack/plugins/start/lightline.vim/plugin/lightline.vim
049.629  007.345  007.345: sourcing /root/.config/nvim/pack/plugins/start/vim-buffet/plugin/buffet.vim
049.929  000.121  000.121: sourcing /root/.config/nvim/pack/plugins/start/vim-startify/plugin/startify.vim
050.100  000.585: loading packages
050.255  000.155: loading after plugins
050.272  000.017: inits 3
051.590  001.318: reading ShaDa
051.828  000.237: opening buffers
052.278  000.371  000.371: sourcing /root/.config/nvim/pack/plugins/start/lightline.vim/autoload/lightline.vim
052.805  000.054  000.054: sourcing /root/.config/nvim/pack/plugins/start/lightline.vim/autoload/lightline/tab.vim
053.188  000.172  000.172: sourcing /root/.config/nvim/pack/plugins/start/lightline.vim/autoload/lightline/colorscheme.vim
053.871  000.924  000.753: sourcing /root/.config/nvim/pack/plugins/start/lightline.vim/autoload/lightline/colorscheme/one.vim
057.027  003.850: BufEnter autocommands
057.033  000.006: editing files in windows
057.835  000.686  000.686: sourcing /root/.config/nvim/pack/plugins/start/vim-startify/autoload/startify.vim
059.610  000.427  000.427: sourcing /root/.config/nvim/pack/plugins/start/vim-startify/autoload/startify/fortune.vim
073.494  000.281  000.281: sourcing /root/.config/nvim/pack/plugins/start/vim-startify/syntax/startify.vim
073.705  000.018  000.018: sourcing /root/.config/nvim/pack/plugins/start/vim-startify/syntax/startify.vim
076.953  018.509: VimEnter autocommands
076.959  000.006: UIEnter autocommands
076.962  000.003: before starting main loop
077.657  000.271  000.271: sourcing /root/.config/nvim/pack/plugins/start/vim-buffet/autoload/buffet.vim
079.580  002.347: first screen update
079.583  000.003: --- NVIM STARTED ---
